#0 building with "default" instance using docker driver

#1 [internal] load build definition from Dockerfile
#1 DONE 0.0s

#1 [internal] load build definition from Dockerfile
#1 transferring dockerfile: 1.49kB 0.0s done
#1 DONE 0.2s

#2 [internal] load metadata for docker.io/library/debian:bookworm-slim
#2 DONE 0.6s

#3 [internal] load metadata for docker.io/rustlang/rust:nightly-slim
#3 DONE 0.7s

#4 [internal] load .dockerignore
#4 transferring context: 2B done
#4 DONE 0.1s

#5 [builder  1/13] FROM docker.io/rustlang/rust:nightly-slim@sha256:9e6a43883e36fc9e299aacd1f7278ab169d938a732b07b6fc4b0e47582f75af1
#5 DONE 0.0s

#6 [stage-1 1/4] FROM docker.io/library/debian:bookworm-slim@sha256:98f4b71de414932439ac6ac690d7060df1f27161073c5036a7553723881bffbe
#6 DONE 0.0s

#7 [stage-1 2/4] WORKDIR /app
#7 CACHED

#8 [stage-1 3/4] RUN apt-get update && apt-get install -y ca-certificates libssl3 && rm -rf /var/lib/apt/lists/*
#8 CACHED

#9 [internal] load build context
#9 transferring context: 383B 0.0s done
#9 DONE 0.1s

#10 [builder  3/13] COPY Cargo.toml Cargo.lock ./
#10 CACHED

#11 [builder  4/13] RUN apt-get update && apt-get install -y pkg-config perl make && rm -rf /var/lib/apt/lists/*
#11 CACHED

#12 [builder  2/13] WORKDIR /app
#12 CACHED

#13 [builder  5/13] RUN mkdir -p src/bin &&     echo "pub fn dummy() {}" > src/lib.rs &&     echo "fn main() {}" > src/bin/mcp_server.rs
#13 CACHED

#14 [builder  6/13] RUN cargo build --release --lib
#14 0.534     Updating crates.io index
#14 3.385  Downloading crates ...
#14 3.552   Downloaded adler2 v2.0.1
#14 3.572   Downloaded http-body v1.0.1
#14 3.574   Downloaded array-init-cursor v0.2.1
#14 3.575   Downloaded home v0.5.12
#14 3.585   Downloaded anstyle-query v1.1.5
#14 3.591   Downloaded hex v0.4.3
#14 3.596   Downloaded cpufeatures v0.2.17
#14 3.597   Downloaded colorchoice v1.0.4
#14 3.598   Downloaded http-body v0.4.6
#14 3.600   Downloaded autocfg v1.5.0
#14 3.601   Downloaded atoi_simd v0.15.6
#14 3.602   Downloaded atomic-waker v1.1.2
#14 3.604   Downloaded idna_adapter v1.2.1
#14 3.604   Downloaded httpdate v1.0.3
#14 3.605   Downloaded cfg-if v1.0.4
#14 3.606   Downloaded phf_shared v0.11.3
#14 3.607   Downloaded crossbeam-queue v0.3.12
#14 3.608   Downloaded either v1.15.0
#14 3.610   Downloaded nonzero_ext v0.3.0
#14 3.612   Downloaded futures-core v0.3.31
#14 3.613   Downloaded form_urlencoded v1.2.2
#14 3.614   Downloaded float-cmp v0.9.0
#14 3.615   Downloaded errno v0.3.14
#14 3.616   Downloaded allocator-api2 v0.2.21
#14 3.617   Downloaded heck v0.4.1
#14 3.618   Downloaded futures-macro v0.3.31
#14 3.619   Downloaded futures-sink v0.3.31
#14 3.620   Downloaded bitflags v2.10.0
#14 3.622   Downloaded axum-macros v0.4.2
#14 3.628   Downloaded glob v0.3.3
#14 3.629   Downloaded anyhow v1.0.101
#14 3.632   Downloaded http-body-util v0.1.3
#14 3.633   Downloaded forwarded-header-value v0.1.1
#14 3.634   Downloaded polars-compute v0.37.0
#14 3.635   Downloaded pkg-config v0.3.32
#14 3.636   Downloaded foreign-types-shared v0.1.1
#14 3.637   Downloaded argminmax v0.6.3
#14 3.639   Downloaded chrono-tz-build v0.2.1
#14 3.640   Downloaded equivalent v1.0.2
#14 3.641   Downloaded dyn-clone v1.0.20
#14 3.642   Downloaded generic-array v0.14.7
#14 3.643   Downloaded futures-io v0.3.31
#14 3.643   Downloaded block-buffer v0.10.4
#14 3.644   Downloaded document-features v0.2.12
#14 3.645   Downloaded constant_time_eq v0.1.5
#14 3.646   Downloaded fallible-streaming-iterator v0.1.9
#14 3.646   Downloaded foreign_vec v0.1.0
#14 3.647   Downloaded enum_dispatch v0.3.13
#14 3.649   Downloaded futures-task v0.3.31
#14 3.650   Downloaded httparse v1.10.1
#14 3.653   Downloaded itoa v1.0.15
#14 3.654   Downloaded hyper-tls v0.5.0
#14 3.655   Downloaded getrandom v0.2.16
#14 3.657   Downloaded futures-timer v3.0.3
#14 3.659   Downloaded foreign-types v0.3.2
#14 3.660   Downloaded anstyle-parse v0.2.7
#14 3.662   Downloaded lexical-parse-integer v1.0.6
#14 3.663   Downloaded find-msvc-tools v0.1.5
#14 3.665   Downloaded compression-codecs v0.4.33
#14 3.667   Downloaded halfbrown v0.2.5
#14 3.669   Downloaded deranged v0.5.5
#14 3.670   Downloaded futures-executor v0.3.31
#14 3.671   Downloaded displaydoc v0.2.5
#14 3.673   Downloaded byteorder v1.5.0
#14 3.675   Downloaded heck v0.5.0
#14 3.676   Downloaded powerfmt v0.2.0
#14 3.677   Downloaded postgrest v1.6.0
#14 3.678   Downloaded base64 v0.21.7
#14 3.681   Downloaded futures-channel v0.3.31
#14 3.682   Downloaded nonempty v0.7.0
#14 3.683   Downloaded lz4 v1.28.1
#14 3.684   Downloaded futures v0.3.31
#14 3.686   Downloaded polars-sql v0.37.0
#14 3.688   Downloaded num-conv v0.1.0
#14 3.688   Downloaded fast-float v0.2.0
#14 3.690   Downloaded clap_derive v4.5.55
#14 3.691   Downloaded bzip2 v0.4.4
#14 3.692   Downloaded pbkdf2 v0.11.0
#14 3.694   Downloaded crossbeam-utils v0.8.21
#14 3.695   Downloaded is_terminal_polyfill v1.70.2
#14 3.696   Downloaded hyper-rustls v0.24.2
#14 3.697   Downloaded digest v0.10.7
#14 3.698   Downloaded cipher v0.4.4
#14 3.699   Downloaded ipnet v2.11.0
#14 3.700   Downloaded crossbeam-epoch v0.9.18
#14 3.702   Downloaded multiversion v0.7.4
#14 3.703   Downloaded crossbeam-deque v0.8.6
#14 3.704   Downloaded async-compression v0.4.34
#14 3.708   Downloaded ref-cast v1.0.25
#14 3.709   Downloaded getrandom v0.4.1
#14 3.712   Downloaded bytemuck v1.24.0
#14 3.714   Downloaded crc32fast v1.5.0
#14 3.715   Downloaded phf_generator v0.11.3
#14 3.717   Downloaded clap v4.5.58
#14 3.721   Downloaded rand_chacha v0.3.1
#14 3.723   Downloaded quanta v0.12.6
#14 3.725   Downloaded proc-macro2 v1.0.103
#14 3.727   Downloaded rand_core v0.6.4
#14 3.729   Downloaded log v0.4.28
#14 3.731   Downloaded inout v0.1.4
#14 3.732   Downloaded flate2 v1.1.5
#14 3.735   Downloaded getrandom v0.3.4
#14 3.737   Downloaded aes v0.8.4
#14 3.739   Downloaded crossbeam-channel v0.5.15
#14 3.742   Downloaded lazy_static v1.5.0
#14 3.743   Downloaded cc v1.2.48
#14 3.745   Downloaded rand_distr v0.4.3
#14 3.748   Downloaded scopeguard v1.2.0
#14 3.749   Downloaded polars-row v0.37.0
#14 3.750   Downloaded no-std-compat v0.4.1
#14 3.751   Downloaded pin-utils v0.1.0
#14 3.751   Downloaded openssl-probe v0.1.6
#14 3.752   Downloaded phf_codegen v0.11.3
#14 3.753   Downloaded bytes v1.11.0
#14 3.756   Downloaded polars-json v0.37.0
#14 3.757   Downloaded potential_utf v0.1.4
#14 3.758   Downloaded polars-error v0.37.0
#14 3.759   Downloaded percent-encoding v2.3.2
#14 3.760   Downloaded comfy-table v7.2.1
#14 3.762   Downloaded multiversion-macros v0.7.4
#14 3.763   Downloaded rustversion v1.0.22
#14 3.765   Downloaded sct v0.7.1
#14 3.768   Downloaded hashbrown v0.14.5
#14 3.771   Downloaded simd-adler32 v0.3.7
#14 3.772   Downloaded serde_urlencoded v0.7.1
#14 3.773   Downloaded ref-cast-impl v1.0.25
#14 3.774   Downloaded now v0.1.3
#14 3.775   Downloaded serde_derive v1.0.228
#14 3.777   Downloaded mime v0.3.17
#14 3.790   Downloaded subtle v2.6.1
#14 3.791   Downloaded sha2 v0.10.9
#14 3.795   Downloaded slab v0.4.11
#14 3.796   Downloaded simdutf8 v0.1.5
#14 3.797   Downloaded iana-time-zone v0.1.64
#14 3.803   Downloaded matchit v0.7.3
#14 3.812   Downloaded strength_reduce v0.2.4
#14 3.813   Downloaded aho-corasick v1.1.4
#14 3.816   Downloaded pin-project-internal v1.1.10
#14 3.817   Downloaded pin-project-lite v0.2.16
#14 3.820   Downloaded tracing-serde v0.2.0
#14 3.820   Downloaded siphasher v1.0.1
#14 3.821   Downloaded memmap2 v0.7.1
#14 3.822   Downloaded hashbrown v0.16.1
#14 3.825   Downloaded crossterm v0.29.0
#14 3.829   Downloaded sync_wrapper v1.0.2
#14 3.830   Downloaded sync_wrapper v0.1.2
#14 3.830   Downloaded socket2 v0.6.1
#14 3.831   Downloaded time-core v0.1.6
#14 3.832   Downloaded thiserror-impl v1.0.69
#14 3.833   Downloaded strsim v0.11.1
#14 3.834   Downloaded tokio-native-tls v0.3.1
#14 3.834   Downloaded socket2 v0.5.10
#14 3.836   Downloaded serde v1.0.228
#14 3.838   Downloaded sharded-slab v0.1.7
#14 3.840   Downloaded tokio-macros v2.6.0
#14 3.841   Downloaded futures-util v0.3.31
#14 3.847   Downloaded strum_macros v0.25.3
#14 3.849   Downloaded tower_governor v0.4.3
#14 3.850   Downloaded polars-utils v0.37.0
#14 3.853   Downloaded tower-service v0.3.3
#14 3.853   Downloaded streaming-iterator v0.1.9
#14 3.854   Downloaded clap_builder v4.5.58
#14 3.858   Downloaded tinystr v0.8.2
#14 3.859   Downloaded quote v1.0.42
#14 3.861   Downloaded h2 v0.3.27
#14 3.864   Downloaded thiserror v1.0.69
#14 3.867   Downloaded target-features v0.1.6
#14 3.868   Downloaded untrusted v0.9.0
#14 3.869   Downloaded signal-hook-registry v1.4.7
#14 3.870   Downloaded shlex v1.3.0
#14 3.871   Downloaded raw-cpuid v11.6.0
#14 3.873   Downloaded tracing-attributes v0.1.31
#14 3.876   Downloaded rustls-pemfile v1.0.4
#14 3.878   Downloaded stable_deref_trait v1.2.1
#14 3.880   Downloaded serde_core v1.0.228
#14 3.881   Downloaded serde_path_to_error v0.1.20
#14 3.883   Downloaded lexical-core v1.0.6
#14 3.884   Downloaded ryu v1.0.20
#14 3.886   Downloaded rayon-core v1.13.0
#14 3.889   Downloaded version_check v0.9.5
#14 3.890   Downloaded icu_properties v2.1.1
#14 3.892   Downloaded planus v0.3.1
#14 3.893   Downloaded zerofrom-derive v0.1.6
#14 3.894   Downloaded unicode-reverse v1.0.9
#14 3.894   Downloaded tower-layer v0.3.3
#14 3.895   Downloaded yoke-derive v0.8.1
#14 3.896   Downloaded want v0.3.1
#14 3.896   Downloaded utf8parse v0.2.2
#14 3.897   Downloaded utf8_iter v1.0.4
#14 3.898   Downloaded rand v0.8.5
#14 3.900   Downloaded rayon v1.11.0
#14 3.906   Downloaded tracing-core v0.1.35
#14 3.907   Downloaded xxhash-rust v0.8.15
#14 3.909   Downloaded parking_lot v0.12.5
#14 3.910   Downloaded smartstring v1.0.1
#14 3.911   Downloaded synstructure v0.13.2
#14 3.912   Downloaded thread_local v1.1.9
#14 3.913   Downloaded zstd v0.13.3
#14 3.915   Downloaded zerovec-derive v0.11.2
#14 3.916   Downloaded value-trait v0.8.1
#14 3.917   Downloaded portable-atomic v1.11.1
#14 3.922   Downloaded chrono v0.4.42
#14 3.925   Downloaded zerofrom v0.1.6
#14 3.926   Downloaded tracing-log v0.2.0
#14 3.928   Downloaded zstd v0.11.2+zstd.1.5.2
#14 3.931   Downloaded writeable v0.6.2
#14 3.932   Downloaded unicode-ident v1.0.22
#14 3.933   Downloaded tokio-rustls v0.24.1
#14 3.934   Downloaded icu_provider v2.1.1
#14 3.936   Downloaded rustls-webpki v0.101.7
#14 3.943   Downloaded polars-arrow-format v0.1.0
#14 3.944   Downloaded reqwest v0.11.27
#14 3.948   Downloaded polars-time v0.37.0
#14 3.950   Downloaded static_assertions v1.1.0
#14 3.951   Downloaded spinning_top v0.3.0
#14 3.952   Downloaded jobserver v0.1.34
#14 3.953   Downloaded sqlparser v0.39.0
#14 3.956   Downloaded password-hash v0.4.2
#14 3.957   Downloaded nu-ansi-term v0.50.3
#14 3.959   Downloaded litemap v0.8.1
#14 3.960   Downloaded phf v0.11.3
#14 3.961   Downloaded native-tls v0.2.14
#14 3.962   Downloaded sha1 v0.10.6
#14 3.963   Downloaded try-lock v0.2.5
#14 3.963   Downloaded http v1.4.0
#14 3.965   Downloaded tower v0.5.3
#14 3.970   Downloaded icu_normalizer_data v2.1.1
#14 3.972   Downloaded simd-json v0.13.11
#14 3.976   Downloaded serde_json v1.0.145
#14 3.980   Downloaded url v2.5.7
#14 3.982   Downloaded tokio-util v0.7.17
#14 3.986   Downloaded http v0.2.12
#14 3.989   Downloaded zerovec v0.11.5
#14 3.992   Downloaded parking_lot_core v0.9.12
#14 3.993   Downloaded pin-project v1.1.10
#14 4.001   Downloaded zstd-safe v5.0.2+zstd.1.5.2
#14 4.002   Downloaded smallvec v1.15.1
#14 4.003   Downloaded zstd-safe v7.2.4
#14 4.004   Downloaded icu_normalizer v2.1.1
#14 4.006   Downloaded rustls v0.21.12
#14 4.012   Downloaded tracing-subscriber v0.3.22
#14 4.016   Downloaded num-traits v0.2.19
#14 4.018   Downloaded lexical-write-integer v1.0.6
#14 4.020   Downloaded polars v0.37.0
#14 4.023   Downloaded zerotrie v0.2.3
#14 4.025   Downloaded once_cell v1.21.3
#14 4.026   Downloaded litrs v1.0.0
#14 4.028   Downloaded icu_collections v2.1.1
#14 4.031   Downloaded regex-syntax v0.8.8
#14 4.035   Downloaded itoap v1.0.1
#14 4.036   Downloaded icu_locale_core v2.1.1
#14 4.039   Downloaded lock_api v0.4.14
#14 4.040   Downloaded governor v0.6.3
#14 4.042   Downloaded axum v0.7.9
#14 4.046   Downloaded tower-http v0.5.2
#14 4.050   Downloaded miniz_oxide v0.8.9
#14 4.052   Downloaded matchers v0.2.0
#14 4.052   Downloaded ppv-lite86 v0.2.21
#14 4.053   Downloaded openssl-macros v0.1.1
#14 4.053   Downloaded ethnum v1.5.2
#14 4.055   Downloaded hmac v0.12.1
#14 4.056   Downloaded tracing v0.1.43
#14 4.058   Downloaded fnv v1.0.7
#14 4.058   Downloaded clap_lex v1.0.0
#14 4.059   Downloaded compression-core v0.4.31
#14 4.060   Downloaded yoke v0.8.1
#14 4.061   Downloaded dashmap v5.5.3
#14 4.062   Downloaded time v0.3.44
#14 4.066   Downloaded crypto-common v0.1.7
#14 4.066   Downloaded anstyle v1.0.13
#14 4.067   Downloaded axum-core v0.4.5
#14 4.068   Downloaded bytemuck_derive v1.10.2
#14 4.069   Downloaded base64ct v1.8.0
#14 4.070   Downloaded atoi v2.0.0
#14 4.070   Downloaded anstream v0.6.21
#14 4.071   Downloaded async-trait v0.1.89
#14 4.073   Downloaded ahash v0.8.12
#14 4.074   Downloaded sysinfo v0.30.13
#14 4.080   Downloaded rustix v1.1.2
#14 4.093   Downloaded polars-pipe v0.37.0
#14 4.097   Downloaded uuid v1.21.0
#14 4.098   Downloaded vcpkg v0.2.15
#14 4.119   Downloaded zerocopy v0.8.30
#14 4.137   Downloaded polars-lazy v0.37.0
#14 4.142   Downloaded lexical-write-float v1.0.6
#14 4.144   Downloaded zip v0.6.6
#14 4.147   Downloaded bzip2-sys v0.1.13+1.0.8
#14 4.155   Downloaded polars-io v0.37.0
#14 4.158   Downloaded parse-zoneinfo v0.3.1
#14 4.160   Downloaded hyper-util v0.1.20
#14 4.166   Downloaded chrono-tz v0.8.6
#14 4.175   Downloaded typenum v1.19.0
#14 4.177   Downloaded memchr v2.7.6
#14 4.180   Downloaded webpki-roots v0.25.4
#14 4.183   Downloaded openssl-sys v0.9.111
#14 4.186   Downloaded lexical-util v1.0.7
#14 4.189   Downloaded indexmap v2.12.1
#14 4.192   Downloaded unicode-segmentation v1.12.0
#14 4.194   Downloaded tokio v1.48.0
#14 4.213   Downloaded polars-ops v0.37.0
#14 4.219   Downloaded idna v1.1.0
#14 4.221   Downloaded hyper v1.8.1
#14 4.226   Downloaded hyper v0.14.32
#14 4.232   Downloaded mio v1.1.0
#14 4.235   Downloaded zstd-sys v2.0.16+zstd.1.5.7
#14 4.245   Downloaded regex v1.12.2
#14 4.248   Downloaded libm v0.2.15
#14 4.254   Downloaded lexical-parse-float v1.0.6
#14 4.258   Downloaded icu_properties_data v2.1.1
#14 4.262   Downloaded polars-plan v0.37.0
#14 4.269   Downloaded encoding_rs v0.8.35
#14 4.283   Downloaded syn v1.0.109
#14 4.289   Downloaded ring v0.17.14
#14 4.311   Downloaded unicode-width v0.2.2
#14 4.315   Downloaded openssl v0.10.75
#14 4.319   Downloaded syn v2.0.111
#14 4.325   Downloaded polars-core v0.37.0
#14 4.333   Downloaded lz4-sys v1.11.1+lz4-1.10.0
#14 4.342   Downloaded polars-arrow v0.37.0
#14 4.355   Downloaded regex-automata v0.4.13
#14 4.364   Downloaded libc v0.2.177
#14 4.472   Downloaded linux-raw-sys v0.11.0
#14 4.601   Downloaded openssl-src v300.5.4+3.5.4
#14 4.780    Compiling libc v0.2.177
#14 4.780    Compiling proc-macro2 v1.0.103
#14 4.780    Compiling unicode-ident v1.0.22
#14 4.780    Compiling quote v1.0.42
#14 4.780    Compiling cfg-if v1.0.4
#14 4.780    Compiling version_check v0.9.5
#14 4.785    Compiling find-msvc-tools v0.1.5
#14 4.794    Compiling shlex v1.3.0
#14 4.797    Compiling once_cell v1.21.3
#14 4.803    Compiling pkg-config v0.3.32
#14 4.803    Compiling memchr v2.7.6
#14 4.803    Compiling smallvec v1.15.1
#14 4.803    Compiling itoa v1.0.15
#14 4.803    Compiling serde_core v1.0.228
#14 4.811    Compiling parking_lot_core v0.9.12
#14 4.818    Compiling scopeguard v1.2.0
#14 4.818    Compiling crossbeam-utils v0.8.21
#14 4.824    Compiling serde v1.0.228
#14 4.827    Compiling bytes v1.11.0
#14 4.833    Compiling autocfg v1.5.0
#14 4.836    Compiling zerocopy v0.8.30
#14 4.857    Compiling pin-project-lite v0.2.16
#14 4.919    Compiling lock_api v0.4.14
#14 4.981    Compiling libm v0.2.15
#14 5.002    Compiling rayon-core v1.13.0
#14 5.014    Compiling getrandom v0.3.4
#14 5.022    Compiling bitflags v2.10.0
#14 5.046    Compiling ahash v0.8.12
#14 5.120    Compiling either v1.15.0
#14 5.120    Compiling ryu v1.0.20
#14 5.130    Compiling futures-core v0.3.31
#14 5.189    Compiling allocator-api2 v0.2.21
#14 5.189    Compiling hashbrown v0.16.1
#14 5.196    Compiling equivalent v1.0.2
#14 5.222    Compiling num-traits v0.2.19
#14 5.229    Compiling thiserror v1.0.69
#14 5.234    Compiling target-features v0.1.6
#14 5.234    Compiling log v0.4.28
#14 5.252    Compiling futures-sink v0.3.31
#14 5.252    Compiling regex-syntax v0.8.8
#14 5.262    Compiling array-init-cursor v0.2.1
#14 5.317    Compiling futures-channel v0.3.31
#14 5.337    Compiling pin-utils v0.1.0
#14 5.348    Compiling syn v1.0.109
#14 5.387    Compiling aho-corasick v1.1.4
#14 5.392    Compiling planus v0.3.1
#14 5.407    Compiling smartstring v1.0.1
#14 5.451    Compiling tracing-core v0.1.35
#14 5.516    Compiling stable_deref_trait v1.2.1
#14 5.525    Compiling zstd-safe v7.2.4
#14 5.540    Compiling simdutf8 v0.1.5
#14 5.575    Compiling polars-utils v0.37.0
#14 5.597    Compiling crossbeam-epoch v0.9.18
#14 5.628    Compiling serde_json v1.0.145
#14 5.693    Compiling typenum v1.19.0
#14 5.704    Compiling futures-task v0.3.31
#14 5.842    Compiling syn v2.0.111
#14 5.850    Compiling crossbeam-deque v0.8.6
#14 5.885    Compiling futures-io v0.3.31
#14 5.893    Compiling slab v0.4.11
#14 5.910    Compiling iana-time-zone v0.1.64
#14 5.917    Compiling static_assertions v1.1.0
#14 5.964    Compiling jobserver v0.1.34
#14 5.990    Compiling getrandom v0.2.16
#14 6.012    Compiling indexmap v2.12.1
#14 6.028    Compiling signal-hook-registry v1.4.7
#14 6.053    Compiling socket2 v0.6.1
#14 6.057    Compiling mio v1.1.0
#14 6.078    Compiling sysinfo v0.30.13
#14 6.149    Compiling cc v1.2.48
#14 6.161    Compiling parking_lot v0.12.5
#14 6.179    Compiling rand_core v0.6.4
#14 6.463    Compiling polars-arrow v0.37.0
#14 6.475    Compiling generic-array v0.14.7
#14 6.580    Compiling lexical-util v1.0.7
#14 6.609    Compiling foreign_vec v0.1.0
#14 6.655    Compiling rayon v1.11.0
#14 6.659    Compiling ethnum v1.5.2
#14 6.731    Compiling streaming-iterator v0.1.9
#14 6.811    Compiling atoi_simd v0.15.6
#14 6.997    Compiling chrono v0.4.42
#14 7.025    Compiling ppv-lite86 v0.2.21
#14 7.031    Compiling dyn-clone v1.0.20
#14 7.048    Compiling fast-float v0.2.0
#14 7.062    Compiling regex-automata v0.4.13
#14 7.110    Compiling strength_reduce v0.2.4
#14 7.131    Compiling percent-encoding v2.3.2
#14 7.151    Compiling rustix v1.1.2
#14 7.268    Compiling openssl-src v300.5.4+3.5.4
#14 7.295    Compiling vcpkg v0.2.15
#14 7.318    Compiling rand_chacha v0.3.1
#14 7.348    Compiling litrs v1.0.0
#14 7.364    Compiling tower-service v0.3.3
#14 7.478    Compiling httparse v1.10.1
#14 7.518    Compiling rand v0.8.5
#14 7.557    Compiling linux-raw-sys v0.11.0
#14 7.562    Compiling polars-compute v0.37.0
#14 7.670    Compiling rustversion v1.0.22
#14 7.705    Compiling zstd-sys v2.0.16+zstd.1.5.7
#14 7.720    Compiling lz4-sys v1.11.1+lz4-1.10.0
#14 7.723    Compiling ring v0.17.14
#14 7.786    Compiling document-features v0.2.12
#14 7.848    Compiling openssl-sys v0.9.111
#14 7.970    Compiling lexical-write-integer v1.0.6
#14 7.977    Compiling lexical-parse-integer v1.0.6
#14 8.053    Compiling polars-core v0.37.0
#14 8.170    Compiling unicode-width v0.2.2
#14 8.235    Compiling unicode-segmentation v1.12.0
#14 8.239    Compiling ref-cast v1.0.25
#14 8.252    Compiling litemap v0.8.1
#14 8.265    Compiling writeable v0.6.2
#14 8.392    Compiling httpdate v1.0.3
#14 8.428    Compiling lexical-write-float v1.0.6
#14 8.469    Compiling rand_distr v0.4.3
#14 8.470    Compiling lexical-parse-float v1.0.6
#14 8.804    Compiling crossterm v0.29.0
#14 8.882    Compiling crypto-common v0.1.7
#14 8.955    Compiling float-cmp v0.9.0
#14 9.003    Compiling http v1.4.0
#14 9.031    Compiling polars-ops v0.37.0
#14 9.087    Compiling synstructure v0.13.2
#14 9.134    Compiling crc32fast v1.5.0
#14 9.146    Compiling fnv v1.0.7
#14 9.173    Compiling icu_normalizer_data v2.1.1
#14 9.220    Compiling untrusted v0.9.0
#14 9.235    Compiling hashbrown v0.14.5
#14 9.252    Compiling comfy-table v7.2.1
#14 9.283    Compiling xxhash-rust v0.8.15
#14 9.301    Compiling icu_properties_data v2.1.1
#14 9.468    Compiling http v0.2.12
#14 9.635    Compiling lexical-core v1.0.6
#14 9.720    Compiling argminmax v0.6.3
#14 9.727    Compiling openssl v0.10.75
#14 9.775    Compiling subtle v2.6.1
#14 9.829    Compiling adler2 v2.0.1
#14 9.853    Compiling simd-adler32 v0.3.7
#14 9.869    Compiling foreign-types-shared v0.1.1
#14 9.939    Compiling foreign-types v0.3.2
#14 10.13    Compiling http-body v1.0.1
#14 10.26    Compiling miniz_oxide v0.8.9
#14 10.31    Compiling now v0.1.3
#14 10.41    Compiling block-buffer v0.10.4
#14 10.52    Compiling multiversion-macros v0.7.4
#14 10.57    Compiling form_urlencoded v1.2.2
#14 10.78    Compiling atoi v2.0.0
#14 10.86    Compiling native-tls v0.2.14
#14 10.89    Compiling rustls v0.21.12
#14 10.94    Compiling regex v1.12.2
#14 10.98    Compiling try-lock v0.2.5
#14 10.98    Compiling fallible-streaming-iterator v0.1.9
#14 11.05    Compiling want v0.3.1
#14 11.12    Compiling flate2 v1.1.5
#14 11.21    Compiling digest v0.10.7
#14 11.26    Compiling serde_derive v1.0.228
#14 11.31    Compiling thiserror-impl v1.0.69
#14 11.51    Compiling zerofrom-derive v0.1.6
#14 11.52    Compiling tokio-macros v2.6.0
#14 11.57    Compiling yoke-derive v0.8.1
#14 11.70    Compiling bytemuck_derive v1.10.2
#14 11.96    Compiling futures-macro v0.3.31
#14 11.97    Compiling tracing-attributes v0.1.31
#14 11.98    Compiling zerovec-derive v0.11.2
#14 12.10    Compiling multiversion v0.7.4
#14 12.13    Compiling tokio v1.48.0
#14 12.16    Compiling displaydoc v0.2.5
#14 12.45    Compiling ref-cast-impl v1.0.25
#14 12.47    Compiling openssl-macros v0.1.1
#14 12.51    Compiling http-body v0.4.6
#14 12.64    Compiling socket2 v0.5.10
#14 12.65    Compiling memmap2 v0.7.1
#14 12.66    Compiling futures-util v0.3.31
#14 12.68    Compiling zerofrom v0.1.6
#14 12.76    Compiling yoke v0.8.1
#14 12.77    Compiling polars-plan v0.37.0
#14 12.78    Compiling home v0.5.12
#14 12.85    Compiling cpufeatures v0.2.17
#14 12.89    Compiling mime v0.3.17
#14 12.90    Compiling zerovec v0.11.5
#14 12.91    Compiling zerotrie v0.2.3
#14 12.92    Compiling openssl-probe v0.1.6
#14 12.92    Compiling tower-layer v0.3.3
#14 12.93    Compiling bytemuck v1.24.0
#14 12.93    Compiling heck v0.4.1
#14 13.10    Compiling http-body-util v0.1.3
#14 13.11    Compiling strum_macros v0.25.3
#14 13.14    Compiling bzip2-sys v0.1.13+1.0.8
#14 13.16    Compiling polars-pipe v0.37.0
#14 13.21    Compiling tracing v0.1.43
#14 13.23    Compiling utf8parse v0.2.2
#14 13.26    Compiling compression-core v0.4.31
#14 13.28    Compiling sync_wrapper v1.0.2
#14 13.29    Compiling portable-atomic v1.11.1
#14 13.33    Compiling utf8_iter v1.0.4
#14 13.34    Compiling atomic-waker v1.1.2
#14 13.35    Compiling zstd-safe v5.0.2+zstd.1.5.2
#14 13.39    Compiling compression-codecs v0.4.33
#14 13.42    Compiling anstyle-parse v0.2.7
#14 13.45    Compiling async-trait v0.1.89
#14 13.52    Compiling tinystr v0.8.2
#14 13.53    Compiling potential_utf v0.1.4
#14 13.54    Compiling enum_dispatch v0.3.13
#14 13.58    Compiling inout v0.1.4
#14 13.60    Compiling icu_collections v2.1.1
#14 13.61    Compiling crossbeam-channel v0.5.15
#14 13.63    Compiling crossbeam-queue v0.3.12
#14 13.68    Compiling icu_locale_core v2.1.1
#14 13.69    Compiling raw-cpuid v11.6.0
#14 13.75    Compiling polars-lazy v0.37.0
#14 13.83    Compiling powerfmt v0.2.0
#14 13.87    Compiling is_terminal_polyfill v1.70.2
#14 13.91    Compiling anstyle v1.0.13
#14 13.92    Compiling colorchoice v1.0.4
#14 13.99    Compiling anstyle-query v1.1.5
#14 14.07    Compiling getrandom v0.4.1
#14 14.08    Compiling base64ct v1.8.0
#14 14.21    Compiling base64 v0.21.7
#14 14.23    Compiling anstream v0.6.21
#14 14.24    Compiling deranged v0.5.5
#14 14.31    Compiling password-hash v0.4.2
#14 14.34    Compiling cipher v0.4.4
#14 14.38    Compiling sha2 v0.10.9
#14 14.47    Compiling rustls-pemfile v1.0.4
#14 14.48    Compiling hmac v0.12.1
#14 14.53    Compiling pin-project-internal v1.1.10
#14 14.59    Compiling axum-macros v0.4.2
#14 14.69    Compiling icu_provider v2.1.1
#14 14.78    Compiling dashmap v5.5.3
#14 14.82    Compiling serde_path_to_error v0.1.20
#14 14.96    Compiling polars-arrow-format v0.1.0
#14 15.13    Compiling halfbrown v0.2.5
#14 15.14    Compiling icu_normalizer v2.1.1
#14 15.31    Compiling icu_properties v2.1.1
#14 15.31    Compiling serde_urlencoded v0.7.1
#14 15.46    Compiling value-trait v0.8.1
#14 15.48    Compiling futures-executor v0.3.31
#14 15.48    Compiling axum-core v0.4.5
#14 15.53    Compiling quanta v0.12.6
#14 15.59    Compiling spinning_top v0.3.0
#14 15.66    Compiling futures v0.3.31
#14 15.71    Compiling polars v0.37.0
#14 15.78    Compiling encoding_rs v0.8.35
#14 15.80    Compiling simd-json v0.13.11
#14 15.85    Compiling heck v0.5.0
#14 15.92    Compiling nonzero_ext v0.3.0
#14 16.00    Compiling lazy_static v1.5.0
#14 16.02    Compiling glob v0.3.3
#14 16.04    Compiling nonempty v0.7.0
#14 16.05    Compiling webpki-roots v0.25.4
#14 16.07    Compiling matchit v0.7.3
#14 16.11    Compiling anyhow v1.0.101
#14 16.12    Compiling clap_lex v1.0.0
#14 16.18    Compiling sync_wrapper v0.1.2
#14 16.23    Compiling ipnet v2.11.0
#14 16.35    Compiling idna_adapter v1.2.1
#14 16.44    Compiling idna v1.1.0
#14 16.50    Compiling time-core v0.1.6
#14 16.61    Compiling strsim v0.11.1
#14 16.63    Compiling no-std-compat v0.4.1
#14 16.64    Compiling num-conv v0.1.0
#14 16.66    Compiling futures-timer v3.0.3
#14 16.71    Compiling forwarded-header-value v0.1.1
#14 16.75    Compiling time v0.3.44
#14 16.79    Compiling clap_builder v4.5.58
#14 16.97    Compiling url v2.5.7
#14 17.08    Compiling governor v0.6.3
#14 17.35    Compiling polars-error v0.37.0
#14 17.44    Compiling sharded-slab v0.1.7
#14 17.54    Compiling tokio-util v0.7.17
#14 17.55    Compiling hyper v1.8.1
#14 17.57    Compiling async-compression v0.4.34
#14 17.59    Compiling tower v0.5.3
#14 18.01    Compiling clap_derive v4.5.55
#14 18.12    Compiling pin-project v1.1.10
#14 18.14    Compiling tracing-serde v0.2.0
#14 18.17    Compiling pbkdf2 v0.11.0
#14 18.28    Compiling h2 v0.3.27
#14 18.33    Compiling aes v0.8.4
#14 18.55    Compiling sha1 v0.10.6
#14 18.56    Compiling matchers v0.2.0
#14 18.69    Compiling hyper-util v0.1.20
#14 18.78    Compiling bzip2 v0.4.4
#14 18.87    Compiling tracing-log v0.2.0
#14 18.97    Compiling axum v0.7.9
#14 18.98    Compiling thread_local v1.1.9
#14 19.01    Compiling byteorder v1.5.0
#14 19.02    Compiling constant_time_eq v0.1.5
#14 19.09    Compiling nu-ansi-term v0.50.3
#14 19.16    Compiling uuid v1.21.0
#14 19.26    Compiling tower-http v0.5.2
#14 19.42    Compiling tracing-subscriber v0.3.22
#14 19.62    Compiling hex v0.4.3
#14 19.73    Compiling clap v4.5.58
#14 21.19    Compiling lz4 v1.28.1
#14 21.60    Compiling sct v0.7.1
#14 21.65    Compiling rustls-webpki v0.101.7
#14 22.23    Compiling hyper v0.14.32
#14 23.20    Compiling tower_governor v0.4.3
#14 24.31    Compiling tokio-rustls v0.24.1
#14 25.56    Compiling hyper-rustls v0.24.2
#14 37.17    Compiling zstd v0.11.2+zstd.1.5.2
#14 37.18    Compiling zstd v0.13.3
#14 37.29    Compiling zip v0.6.6
#14 39.05    Compiling tokio-native-tls v0.3.1
#14 39.13    Compiling hyper-tls v0.5.0
#14 39.21    Compiling reqwest v0.11.27
#14 40.10    Compiling postgrest v1.6.0
#14 42.25    Compiling polars-row v0.37.0
#14 42.25    Compiling polars-json v0.37.0
#14 43.10 
#14 43.10 thread 'rustc' (16828) panicked at /rustc-dev/47611e16044c68ef27bac31c35fda2ba1dc20b73/compiler/rustc_resolve/src/imports.rs:387:13:
#14 43.10 assertion failed: !deep_decl.is_glob_import()
#14 43.10 stack backtrace:
#14 43.15    0:     0x7fb13fdcf31b - <<std[34793830d02b48c7]::sys::backtrace::BacktraceLock>::print::DisplayBacktrace as core[a6ad39a0da7a7539]::fmt::Display>::fmt
#14 43.17    1:     0x7fb140411008 - core[a6ad39a0da7a7539]::fmt::write
#14 43.17    2:     0x7fb13fde6596 - <std[34793830d02b48c7]::sys::stdio::unix::Stderr as std[34793830d02b48c7]::io::Write>::write_fmt
#14 43.17    3:     0x7fb13fda53c8 - std[34793830d02b48c7]::panicking::default_hook::{closure#0}
#14 43.17    4:     0x7fb13fdc2783 - std[34793830d02b48c7]::panicking::default_hook
#14 43.17    5:     0x7fb13ed87bcf - std[34793830d02b48c7]::panicking::update_hook::<alloc[7355a08a4b4abc16]::boxed::Box<rustc_driver_impl[fc02adc504a746b4]::install_ice_hook::{closure#1}>>::{closure#0}
#14 43.17    6:     0x7fb13fdc2a62 - std[34793830d02b48c7]::panicking::panic_with_hook
#14 43.17    7:     0x7fb13fda54ba - std[34793830d02b48c7]::panicking::panic_handler::{closure#0}
#14 43.17    8:     0x7fb13fd999f9 - std[34793830d02b48c7]::sys::backtrace::__rust_end_short_backtrace::<std[34793830d02b48c7]::panicking::panic_handler::{closure#0}, !>
#14 43.17    9:     0x7fb13fda6eed - __rustc[5517ea7aeed6fccd]::rust_begin_unwind
#14 43.17   10:     0x7fb13cfa26dc - core[a6ad39a0da7a7539]::panicking::panic_fmt
#14 43.17   11:     0x7fb13c432b42 - core[a6ad39a0da7a7539]::panicking::panic
#14 43.17   12:     0x7fb140420b89 - <rustc_resolve[15634fa448e108ab]::Resolver>::try_plant_decl_into_local_module
#14 43.17   13:     0x7fb14042018b - <rustc_resolve[15634fa448e108ab]::Resolver>::try_plant_decl_into_local_module
#14 43.17   14:     0x7fb14041e6c6 - <rustc_resolve[15634fa448e108ab]::Resolver as rustc_expand[91434ace258868ee]::base::ResolverExpand>::resolve_imports
#14 43.17   15:     0x7fb141a57f98 - <rustc_expand[91434ace258868ee]::expand::MacroExpander>::fully_expand_fragment
#14 43.17   16:     0x7fb141a5711b - <rustc_expand[91434ace258868ee]::expand::MacroExpander>::expand_crate
#14 43.17   17:     0x7fb140cfcdd4 - rustc_interface[6252fa30a12e5b1e]::passes::resolver_for_lowering_raw
#14 43.17   18:     0x7fb140cfc24d - rustc_query_impl[e0ad78ae441c9bd1]::query_impl::resolver_for_lowering_raw::invoke_provider_fn::__rust_begin_short_backtrace
#14 43.18   19:     0x7fb14165b56c - rustc_query_impl[e0ad78ae441c9bd1]::execution::try_execute_query::<rustc_query_system[53f2c074ea36c8a]::query::caches::SingleCache<rustc_middle[5e25af1ddebf47f5]::query::erase::ErasedData<[u8; 16usize]>>, {rustc_query_impl[e0ad78ae441c9bd1]::QueryFlags { is_anon: false, is_depth_limit: false, is_feedable: false }}, false>
#14 43.18   20:     0x7fb14165b0c2 - rustc_query_impl[e0ad78ae441c9bd1]::query_impl::resolver_for_lowering_raw::get_query_non_incr::__rust_end_short_backtrace
#14 43.18   21:     0x7fb14181744f - <rustc_interface[6252fa30a12e5b1e]::passes::create_and_enter_global_ctxt<core[a6ad39a0da7a7539]::option::Option<rustc_interface[6252fa30a12e5b1e]::queries::Linker>, rustc_driver_impl[fc02adc504a746b4]::run_compiler::{closure#0}::{closure#2}>::{closure#2} as core[a6ad39a0da7a7539]::ops::function::FnOnce<(&rustc_session[e01e61b677365b89]::session::Session, rustc_middle[5e25af1ddebf47f5]::ty::context::CurrentGcx, alloc[7355a08a4b4abc16]::sync::Arc<rustc_data_structures[bea84de8805b0608]::jobserver::Proxy>, &std[34793830d02b48c7]::sync::once_lock::OnceLock<rustc_middle[5e25af1ddebf47f5]::ty::context::GlobalCtxt>, &rustc_data_structures[bea84de8805b0608]::sync::worker_local::WorkerLocal<rustc_middle[5e25af1ddebf47f5]::arena::Arena>, &rustc_data_structures[bea84de8805b0608]::sync::worker_local::WorkerLocal<rustc_hir[c64342c029912d6e]::Arena>, rustc_driver_impl[fc02adc504a746b4]::run_compiler::{closure#0}::{closure#2})>>::call_once::{shim:vtable#0}
#14 43.18   22:     0x7fb1415f18f7 - rustc_interface[6252fa30a12e5b1e]::interface::run_compiler::<(), rustc_driver_impl[fc02adc504a746b4]::run_compiler::{closure#0}>::{closure#1}
#14 43.18   23:     0x7fb14163a73e - std[34793830d02b48c7]::sys::backtrace::__rust_begin_short_backtrace::<rustc_interface[6252fa30a12e5b1e]::util::run_in_thread_with_globals<rustc_interface[6252fa30a12e5b1e]::util::run_in_thread_pool_with_globals<rustc_interface[6252fa30a12e5b1e]::interface::run_compiler<(), rustc_driver_impl[fc02adc504a746b4]::run_compiler::{closure#0}>::{closure#1}, ()>::{closure#0}, ()>::{closure#0}::{closure#0}, ()>
#14 43.18   24:     0x7fb14163ac60 - <std[34793830d02b48c7]::thread::lifecycle::spawn_unchecked<rustc_interface[6252fa30a12e5b1e]::util::run_in_thread_with_globals<rustc_interface[6252fa30a12e5b1e]::util::run_in_thread_pool_with_globals<rustc_interface[6252fa30a12e5b1e]::interface::run_compiler<(), rustc_driver_impl[fc02adc504a746b4]::run_compiler::{closure#0}>::{closure#1}, ()>::{closure#0}, ()>::{closure#0}::{closure#0}, ()>::{closure#1} as core[a6ad39a0da7a7539]::ops::function::FnOnce<()>>::call_once::{shim:vtable#0}
#14 43.18   25:     0x7fb14163baec - <std[34793830d02b48c7]::sys::thread::unix::Thread>::new::thread_start
#14 43.18   26:     0x7fb13b09db7b - <unknown>
#14 43.18   27:     0x7fb13b11b5f0 - __clone
#14 43.18   28:                0x0 - <unknown>
#14 43.18 
#14 43.19 error: the compiler unexpectedly panicked. This is a bug
#14 43.19 
#14 43.20 note: we would appreciate a bug report: https://github.com/rust-lang/rust/issues/new?labels=C-bug%2C+I-ICE%2C+T-compiler&template=ice.md
#14 43.20 
#14 43.20 note: please make sure that you have updated to the latest nightly
#14 43.20 
#14 43.20 note: please attach the file at `/usr/local/cargo/registry/src/index.crates.io-1949cf8c6b5b557f/polars-core-0.37.0/rustc-ice-2026-02-14T16_53_19-16824.txt` to your bug report
#14 43.20 
#14 43.20 note: rustc 1.95.0-nightly (47611e160 2026-02-12) running on x86_64-unknown-linux-gnu
#14 43.20 
#14 43.20 note: compiler flags: --crate-type lib -C opt-level=3 -C embed-bitcode=no -C strip=debuginfo
#14 43.20 
#14 43.20 note: some of the compiler flags provided by cargo are hidden
#14 43.20 
#14 43.20 query stack during panic:
#14 43.20 #0 [resolver_for_lowering_raw] getting the resolver for lowering
#14 43.20 end of query stack
#14 43.31 error: could not compile `polars-core` (lib)
#14 43.31 
#14 43.31 Caused by:
#14 43.31   process didn't exit successfully: `/usr/local/rustup/toolchains/nightly-x86_64-unknown-linux-gnu/bin/rustc --crate-name polars_core --edition=2021 /usr/local/cargo/registry/src/index.crates.io-1949cf8c6b5b557f/polars-core-0.37.0/src/lib.rs --error-format=json --json=diagnostic-rendered-ansi,artifacts,future-incompat --crate-type lib --emit=dep-info,metadata,link -C opt-level=3 -C embed-bitcode=no --cfg 'feature="algorithm_group_by"' --cfg 'feature="chrono"' --cfg 'feature="chunked_ids"' --cfg 'feature="comfy-table"' --cfg 'feature="docs"' --cfg 'feature="dtype-date"' --cfg 'feature="dtype-datetime"' --cfg 'feature="dtype-duration"' --cfg 'feature="dtype-i16"' --cfg 'feature="dtype-i8"' --cfg 'feature="dtype-struct"' --cfg 'feature="dtype-time"' --cfg 'feature="fmt"' --cfg 'feature="lazy"' --cfg 'feature="rand"' --cfg 'feature="rand_distr"' --cfg 'feature="random"' --cfg 'feature="regex"' --cfg 'feature="rows"' --cfg 'feature="strings"' --cfg 'feature="temporal"' --cfg 'feature="zip_with"' --check-cfg 'cfg(docsrs,test)' --check-cfg 'cfg(feature, values("algorithm_group_by", "arrow-array", "arrow_rs", "asof_join", "avx512", "bigidx", "checked_arithmetic", "chrono", "chrono-tz", "chunked_ids", "comfy-table", "dataframe_arithmetic", "default", "describe", "diagonal_concat", "docs", "docs-selection", "dot_product", "dtype-array", "dtype-categorical", "dtype-date", "dtype-datetime", "dtype-decimal", "dtype-duration", "dtype-i16", "dtype-i8", "dtype-struct", "dtype-time", "dtype-u16", "dtype-u8", "dynamic_group_by", "fmt", "fmt_no_tty", "group_by_list", "is_first_distinct", "is_last_distinct", "lazy", "ndarray", "nightly", "object", "partition_by", "performant", "product", "python", "rand", "rand_distr", "random", "regex", "reinterpret", "rolling_window", "round_series", "row_hash", "rows", "serde", "serde-lazy", "serde_json", "simd", "strings", "take_opt_iter", "temporal", "timezones", "unique_counts", "zip_with"))' -C metadata=a81bcf54889084ea -C extra-filename=-a69228084be44dc5 --out-dir /app/target/release/deps -C strip=debuginfo -L dependency=/app/target/release/deps --extern ahash=/app/target/release/deps/libahash-9d9647a1e59ab242.rmeta --extern bitflags=/app/target/release/deps/libbitflags-a60d8276ad909838.rmeta --extern bytemuck=/app/target/release/deps/libbytemuck-0dfcd50685960eab.rmeta --extern chrono=/app/target/release/deps/libchrono-12c565f60b13234a.rmeta --extern comfy_table=/app/target/release/deps/libcomfy_table-ef59bee168cf316c.rmeta --extern either=/app/target/release/deps/libeither-6ffc2f58f496ddb4.rmeta --extern hashbrown=/app/target/release/deps/libhashbrown-15137e187a25f3ee.rmeta --extern indexmap=/app/target/release/deps/libindexmap-3164353e2b9f721f.rmeta --extern num_traits=/app/target/release/deps/libnum_traits-29e3fd3c30d34a69.rmeta --extern once_cell=/app/target/release/deps/libonce_cell-2370782cc8dc072f.rmeta --extern arrow=/app/target/release/deps/libpolars_arrow-7f5f4cbe6c945c42.rmeta --extern polars_compute=/app/target/release/deps/libpolars_compute-e235383e2cf6d0bb.rmeta --extern polars_error=/app/target/release/deps/libpolars_error-63ea17e4986ae3b8.rmeta --extern polars_row=/app/target/release/deps/libpolars_row-81803fa5367c9d0f.rmeta --extern polars_utils=/app/target/release/deps/libpolars_utils-02cf3c973759b890.rmeta --extern rand=/app/target/release/deps/librand-816fd867eee9d005.rmeta --extern rand_distr=/app/target/release/deps/librand_distr-b401e41fc86a8b02.rmeta --extern rayon=/app/target/release/deps/librayon-7de28f314915a773.rmeta --extern regex=/app/target/release/deps/libregex-942bd858db032cf4.rmeta --extern smartstring=/app/target/release/deps/libsmartstring-540061cccd0d56d6.rmeta --extern thiserror=/app/target/release/deps/libthiserror-bafd82fd843a166f.rmeta --extern xxhash_rust=/app/target/release/deps/libxxhash_rust-aeaa6f2b31d9e32a.rmeta --cap-lints allow -L native=/app/target/release/build/lz4-sys-ca7826d24dd857bf/out -L native=/app/target/release/build/zstd-sys-b5294f59fd243a5d/out --cfg 'feature="nightly"'` (exit status: 101)
#14 43.31 warning: build failed, waiting for other jobs to finish...
#14 ERROR: process "/bin/sh -c cargo build --release --lib" did not complete successfully: exit code: 101
------
 > [builder  6/13] RUN cargo build --release --lib:
43.20 note: some of the compiler flags provided by cargo are hidden
43.20 
43.20 query stack during panic:
43.20 #0 [resolver_for_lowering_raw] getting the resolver for lowering
43.20 end of query stack
43.31 error: could not compile `polars-core` (lib)
43.31 
43.31 Caused by:
43.31   process didn't exit successfully: `/usr/local/rustup/toolchains/nightly-x86_64-unknown-linux-gnu/bin/rustc --crate-name polars_core --edition=2021 /usr/local/cargo/registry/src/index.crates.io-1949cf8c6b5b557f/polars-core-0.37.0/src/lib.rs --error-format=json --json=diagnostic-rendered-ansi,artifacts,future-incompat --crate-type lib --emit=dep-info,metadata,link -C opt-level=3 -C embed-bitcode=no --cfg 'feature="algorithm_group_by"' --cfg 'feature="chrono"' --cfg 'feature="chunked_ids"' --cfg 'feature="comfy-table"' --cfg 'feature="docs"' --cfg 'feature="dtype-date"' --cfg 'feature="dtype-datetime"' --cfg 'feature="dtype-duration"' --cfg 'feature="dtype-i16"' --cfg 'feature="dtype-i8"' --cfg 'feature="dtype-struct"' --cfg 'feature="dtype-time"' --cfg 'feature="fmt"' --cfg 'feature="lazy"' --cfg 'feature="rand"' --cfg 'feature="rand_distr"' --cfg 'feature="random"' --cfg 'feature="regex"' --cfg 'feature="rows"' --cfg 'feature="strings"' --cfg 'feature="temporal"' --cfg 'feature="zip_with"' --check-cfg 'cfg(docsrs,test)' --check-cfg 'cfg(feature, values("algorithm_group_by", "arrow-array", "arrow_rs", "asof_join", "avx512", "bigidx", "checked_arithmetic", "chrono", "chrono-tz", "chunked_ids", "comfy-table", "dataframe_arithmetic", "default", "describe", "diagonal_concat", "docs", "docs-selection", "dot_product", "dtype-array", "dtype-categorical", "dtype-date", "dtype-datetime", "dtype-decimal", "dtype-duration", "dtype-i16", "dtype-i8", "dtype-struct", "dtype-time", "dtype-u16", "dtype-u8", "dynamic_group_by", "fmt", "fmt_no_tty", "group_by_list", "is_first_distinct", "is_last_distinct", "lazy", "ndarray", "nightly", "object", "partition_by", "performant", "product", "python", "rand", "rand_distr", "random", "regex", "reinterpret", "rolling_window", "round_series", "row_hash", "rows", "serde", "serde-lazy", "serde_json", "simd", "strings", "take_opt_iter", "temporal", "timezones", "unique_counts", "zip_with"))' -C metadata=a81bcf54889084ea -C extra-filename=-a69228084be44dc5 --out-dir /app/target/release/deps -C strip=debuginfo -L dependency=/app/target/release/deps --extern ahash=/app/target/release/deps/libahash-9d9647a1e59ab242.rmeta --extern bitflags=/app/target/release/deps/libbitflags-a60d8276ad909838.rmeta --extern bytemuck=/app/target/release/deps/libbytemuck-0dfcd50685960eab.rmeta --extern chrono=/app/target/release/deps/libchrono-12c565f60b13234a.rmeta --extern comfy_table=/app/target/release/deps/libcomfy_table-ef59bee168cf316c.rmeta --extern either=/app/target/release/deps/libeither-6ffc2f58f496ddb4.rmeta --extern hashbrown=/app/target/release/deps/libhashbrown-15137e187a25f3ee.rmeta --extern indexmap=/app/target/release/deps/libindexmap-3164353e2b9f721f.rmeta --extern num_traits=/app/target/release/deps/libnum_traits-29e3fd3c30d34a69.rmeta --extern once_cell=/app/target/release/deps/libonce_cell-2370782cc8dc072f.rmeta --extern arrow=/app/target/release/deps/libpolars_arrow-7f5f4cbe6c945c42.rmeta --extern polars_compute=/app/target/release/deps/libpolars_compute-e235383e2cf6d0bb.rmeta --extern polars_error=/app/target/release/deps/libpolars_error-63ea17e4986ae3b8.rmeta --extern polars_row=/app/target/release/deps/libpolars_row-81803fa5367c9d0f.rmeta --extern polars_utils=/app/target/release/deps/libpolars_utils-02cf3c973759b890.rmeta --extern rand=/app/target/release/deps/librand-816fd867eee9d005.rmeta --extern rand_distr=/app/target/release/deps/librand_distr-b401e41fc86a8b02.rmeta --extern rayon=/app/target/release/deps/librayon-7de28f314915a773.rmeta --extern regex=/app/target/release/deps/libregex-942bd858db032cf4.rmeta --extern smartstring=/app/target/release/deps/libsmartstring-540061cccd0d56d6.rmeta --extern thiserror=/app/target/release/deps/libthiserror-bafd82fd843a166f.rmeta --extern xxhash_rust=/app/target/release/deps/libxxhash_rust-aeaa6f2b31d9e32a.rmeta --cap-lints allow -L native=/app/target/release/build/lz4-sys-ca7826d24dd857bf/out -L native=/app/target/release/build/zstd-sys-b5294f59fd243a5d/out --cfg 'feature="nightly"'` (exit status: 101)
43.31 warning: build failed, waiting for other jobs to finish...
------

 [33m1 warning found (use docker --debug to expand):
[0m - FromAsCasing: 'as' and 'FROM' keywords' casing do not match (line 2)
Dockerfile:19
--------------------
  17 |     # Build dependencies (release mode)
  18 |     # This caches compiled dependencies in the layer
  19 | >>> RUN cargo build --release --lib
  20 |     RUN cargo build --release --bin mcp_server
  21 |     
--------------------
ERROR: failed to build: failed to solve: process "/bin/sh -c cargo build --release --lib" did not complete successfully: exit code: 101
